* 72d3f6d Agregando 2 parrafos
*   660ba6c Resolviendo conflicto en estaciones del año y fechas de inicio
|\  
| * 8e4b166 Agregando estaciones del año
* | 4d6e566 Agregando estaciones del año con fecha de inicio
|/  
*   7da01c0 Resolviendo conflicto merge main-html en el documento index.html
|\  
| * 26d352d Agregando index.js al al index.html
* | bde18bc Agregando style.css al index.html
* | c1f0aef Creando style.css
|/  
* e0f37ec Creando mi archivo index.html
* 78e4dbe mensaje descriptivo del cambio por mi cuenta
* 3cb7dcc mensaje descriptivo del cambio n.n
* 9bbd578 mensaje descriptivo del cambio n.n
* cbd5e98 mensaje descriptivo del cambio n.n
* 5472102 mensaje descriptivo del cambio
* 68ec299 mensaje descriptivo del cambio
* 03f61ba Create LICENSE
* 52a9728 Agregando más contenido al README
* 46becc3 Agregando más contenido al README
* a89a936 Se agrego un n uevo contenido
* b1e0e2e mensaje descriptivo del cambio
* 1127b21 mensaje descriptivo del cambio
